<?xml version="1.0" encoding="UTF-8"?>
<testsuite xmlns:xsi="http://www.w3.org/2001/XMLSchema-instance" xsi:noNamespaceSchemaLocation="https://maven.apache.org/surefire/maven-surefire-plugin/xsd/surefire-test-report.xsd" name="com.compute.service.ComputeServiceImplTest" time="0.025" tests="4" errors="0" skipped="0" failures="0">
  <properties>
    <property name="gopherProxySet" value="false"/>
    <property name="awt.toolkit" value="sun.lwawt.macosx.LWCToolkit"/>
    <property name="file.encoding.pkg" value="sun.io"/>
    <property name="java.specification.version" value="1.8"/>
    <property name="sun.cpu.isalist" value=""/>
    <property name="sun.jnu.encoding" value="UTF-8"/>
    <property name="java.class.path" value="/Users/pranshru/Documents/workspace/CryptoService/target/test-classes:/Users/pranshru/Documents/workspace/CryptoService/target/classes:/Users/pranshru/.m2/repository/io/dropwizard/dropwizard-core/1.0.0/dropwizard-core-1.0.0.jar:/Users/pranshru/.m2/repository/io/dropwizard/dropwizard-util/1.0.0/dropwizard-util-1.0.0.jar:/Users/pranshru/.m2/repository/com/fasterxml/jackson/core/jackson-annotations/2.7.6/jackson-annotations-2.7.6.jar:/Users/pranshru/.m2/repository/com/google/code/findbugs/jsr305/3.0.1/jsr305-3.0.1.jar:/Users/pranshru/.m2/repository/joda-time/joda-time/2.9.4/joda-time-2.9.4.jar:/Users/pranshru/.m2/repository/io/dropwizard/dropwizard-jackson/1.0.0/dropwizard-jackson-1.0.0.jar:/Users/pranshru/.m2/repository/com/fasterxml/jackson/core/jackson-core/2.7.6/jackson-core-2.7.6.jar:/Users/pranshru/.m2/repository/com/fasterxml/jackson/core/jackson-databind/2.7.6/jackson-databind-2.7.6.jar:/Users/pranshru/.m2/repository/com/fasterxml/jackson/datatype/jackson-datatype-guava/2.7.6/jackson-datatype-guava-2.7.6.jar:/Users/pranshru/.m2/repository/com/fasterxml/jackson/datatype/jackson-datatype-jsr310/2.7.6/jackson-datatype-jsr310-2.7.6.jar:/Users/pranshru/.m2/repository/com/fasterxml/jackson/datatype/jackson-datatype-jdk8/2.7.6/jackson-datatype-jdk8-2.7.6.jar:/Users/pranshru/.m2/repository/com/fasterxml/jackson/module/jackson-module-afterburner/2.7.6/jackson-module-afterburner-2.7.6.jar:/Users/pranshru/.m2/repository/com/fasterxml/jackson/datatype/jackson-datatype-joda/2.7.6/jackson-datatype-joda-2.7.6.jar:/Users/pranshru/.m2/repository/io/dropwizard/dropwizard-validation/1.0.0/dropwizard-validation-1.0.0.jar:/Users/pranshru/.m2/repository/org/hibernate/hibernate-validator/5.2.4.Final/hibernate-validator-5.2.4.Final.jar:/Users/pranshru/.m2/repository/org/jboss/logging/jboss-logging/3.2.1.Final/jboss-logging-3.2.1.Final.jar:/Users/pranshru/.m2/repository/com/fasterxml/classmate/1.1.0/classmate-1.1.0.jar:/Users/pranshru/.m2/repository/org/glassfish/javax.el/3.0.0/javax.el-3.0.0.jar:/Users/pranshru/.m2/repository/io/dropwizard/dropwizard-configuration/1.0.0/dropwizard-configuration-1.0.0.jar:/Users/pranshru/.m2/repository/com/fasterxml/jackson/dataformat/jackson-dataformat-yaml/2.7.6/jackson-dataformat-yaml-2.7.6.jar:/Users/pranshru/.m2/repository/org/yaml/snakeyaml/1.15/snakeyaml-1.15.jar:/Users/pranshru/.m2/repository/org/apache/commons/commons-lang3/3.4/commons-lang3-3.4.jar:/Users/pranshru/.m2/repository/io/dropwizard/dropwizard-logging/1.0.0/dropwizard-logging-1.0.0.jar:/Users/pranshru/.m2/repository/io/dropwizard/metrics/metrics-logback/3.1.2/metrics-logback-3.1.2.jar:/Users/pranshru/.m2/repository/org/slf4j/jul-to-slf4j/1.7.21/jul-to-slf4j-1.7.21.jar:/Users/pranshru/.m2/repository/ch/qos/logback/logback-core/1.1.7/logback-core-1.1.7.jar:/Users/pranshru/.m2/repository/org/slf4j/log4j-over-slf4j/1.7.21/log4j-over-slf4j-1.7.21.jar:/Users/pranshru/.m2/repository/org/slf4j/jcl-over-slf4j/1.7.21/jcl-over-slf4j-1.7.21.jar:/Users/pranshru/.m2/repository/org/eclipse/jetty/jetty-util/9.3.9.v20160517/jetty-util-9.3.9.v20160517.jar:/Users/pranshru/.m2/repository/io/dropwizard/dropwizard-metrics/1.0.0/dropwizard-metrics-1.0.0.jar:/Users/pranshru/.m2/repository/io/dropwizard/dropwizard-jersey/1.0.0/dropwizard-jersey-1.0.0.jar:/Users/pranshru/.m2/repository/org/glassfish/jersey/ext/jersey-metainf-services/2.23.1/jersey-metainf-services-2.23.1.jar:/Users/pranshru/.m2/repository/org/glassfish/jersey/ext/jersey-bean-validation/2.23.1/jersey-bean-validation-2.23.1.jar:/Users/pranshru/.m2/repository/org/glassfish/hk2/external/javax.inject/2.4.0-b34/javax.inject-2.4.0-b34.jar:/Users/pranshru/.m2/repository/io/dropwizard/metrics/metrics-jersey2/3.1.2/metrics-jersey2-3.1.2.jar:/Users/pranshru/.m2/repository/com/fasterxml/jackson/jaxrs/jackson-jaxrs-json-provider/2.7.6/jackson-jaxrs-json-provider-2.7.6.jar:/Users/pranshru/.m2/repository/com/fasterxml/jackson/jaxrs/jackson-jaxrs-base/2.7.6/jackson-jaxrs-base-2.7.6.jar:/Users/pranshru/.m2/repository/com/fasterxml/jackson/module/jackson-module-jaxb-annotations/2.7.6/jackson-module-jaxb-annotations-2.7.6.jar:/Users/pranshru/.m2/repository/org/glassfish/jersey/containers/jersey-container-servlet/2.23.1/jersey-container-servlet-2.23.1.jar:/Users/pranshru/.m2/repository/org/eclipse/jetty/jetty-server/9.3.9.v20160517/jetty-server-9.3.9.v20160517.jar:/Users/pranshru/.m2/repository/org/eclipse/jetty/jetty-io/9.3.9.v20160517/jetty-io-9.3.9.v20160517.jar:/Users/pranshru/.m2/repository/org/eclipse/jetty/jetty-webapp/9.3.9.v20160517/jetty-webapp-9.3.9.v20160517.jar:/Users/pranshru/.m2/repository/org/eclipse/jetty/jetty-xml/9.3.9.v20160517/jetty-xml-9.3.9.v20160517.jar:/Users/pranshru/.m2/repository/org/eclipse/jetty/jetty-continuation/9.3.9.v20160517/jetty-continuation-9.3.9.v20160517.jar:/Users/pranshru/.m2/repository/io/dropwizard/dropwizard-servlets/1.0.0/dropwizard-servlets-1.0.0.jar:/Users/pranshru/.m2/repository/io/dropwizard/metrics/metrics-annotation/3.1.2/metrics-annotation-3.1.2.jar:/Users/pranshru/.m2/repository/io/dropwizard/dropwizard-jetty/1.0.0/dropwizard-jetty-1.0.0.jar:/Users/pranshru/.m2/repository/io/dropwizard/metrics/metrics-jetty9/3.1.2/metrics-jetty9-3.1.2.jar:/Users/pranshru/.m2/repository/org/eclipse/jetty/jetty-servlet/9.3.9.v20160517/jetty-servlet-9.3.9.v20160517.jar:/Users/pranshru/.m2/repository/org/eclipse/jetty/jetty-security/9.3.9.v20160517/jetty-security-9.3.9.v20160517.jar:/Users/pranshru/.m2/repository/org/eclipse/jetty/jetty-servlets/9.3.9.v20160517/jetty-servlets-9.3.9.v20160517.jar:/Users/pranshru/.m2/repository/org/eclipse/jetty/jetty-http/9.3.9.v20160517/jetty-http-9.3.9.v20160517.jar:/Users/pranshru/.m2/repository/io/dropwizard/dropwizard-lifecycle/1.0.0/dropwizard-lifecycle-1.0.0.jar:/Users/pranshru/.m2/repository/io/dropwizard/metrics/metrics-core/3.1.2/metrics-core-3.1.2.jar:/Users/pranshru/.m2/repository/io/dropwizard/metrics/metrics-jvm/3.1.2/metrics-jvm-3.1.2.jar:/Users/pranshru/.m2/repository/io/dropwizard/metrics/metrics-servlets/3.1.2/metrics-servlets-3.1.2.jar:/Users/pranshru/.m2/repository/io/dropwizard/metrics/metrics-json/3.1.2/metrics-json-3.1.2.jar:/Users/pranshru/.m2/repository/io/dropwizard/metrics/metrics-healthchecks/3.1.2/metrics-healthchecks-3.1.2.jar:/Users/pranshru/.m2/repository/io/dropwizard/dropwizard-request-logging/1.0.0/dropwizard-request-logging-1.0.0.jar:/Users/pranshru/.m2/repository/ch/qos/logback/logback-access/1.1.7/logback-access-1.1.7.jar:/Users/pranshru/.m2/repository/net/sourceforge/argparse4j/argparse4j/0.7.0/argparse4j-0.7.0.jar:/Users/pranshru/.m2/repository/org/eclipse/jetty/toolchain/setuid/jetty-setuid-java/1.0.3/jetty-setuid-java-1.0.3.jar:/Users/pranshru/.m2/repository/com/hubspot/dropwizard/dropwizard-guice/1.3.5.0/dropwizard-guice-1.3.5.0.jar:/Users/pranshru/.m2/repository/com/squarespace/jersey2-guice/jersey2-guice-impl/1.0.6/jersey2-guice-impl-1.0.6.jar:/Users/pranshru/.m2/repository/com/google/inject/extensions/guice-multibindings/4.0/guice-multibindings-4.0.jar:/Users/pranshru/.m2/repository/org/glassfish/jersey/containers/jersey-container-servlet-core/2.22.2/jersey-container-servlet-core-2.22.2.jar:/Users/pranshru/.m2/repository/com/squarespace/jersey2-guice/0-jersey2-guice-spi/1.0.6/0-jersey2-guice-spi-1.0.6.jar:/Users/pranshru/.m2/repository/com/google/code/findbugs/annotations/3.0.1/annotations-3.0.1.jar:/Users/pranshru/.m2/repository/com/google/inject/extensions/guice-servlet/4.1.0/guice-servlet-4.1.0.jar:/Users/pranshru/.m2/repository/org/glassfish/jersey/core/jersey-server/2.25.1/jersey-server-2.25.1.jar:/Users/pranshru/.m2/repository/org/glassfish/jersey/core/jersey-common/2.25.1/jersey-common-2.25.1.jar:/Users/pranshru/.m2/repository/org/glassfish/jersey/bundles/repackaged/jersey-guava/2.25.1/jersey-guava-2.25.1.jar:/Users/pranshru/.m2/repository/org/glassfish/hk2/osgi-resource-locator/1.0.1/osgi-resource-locator-1.0.1.jar:/Users/pranshru/.m2/repository/org/glassfish/jersey/core/jersey-client/2.25.1/jersey-client-2.25.1.jar:/Users/pranshru/.m2/repository/org/glassfish/jersey/media/jersey-media-jaxb/2.25.1/jersey-media-jaxb-2.25.1.jar:/Users/pranshru/.m2/repository/javax/annotation/javax.annotation-api/1.2/javax.annotation-api-1.2.jar:/Users/pranshru/.m2/repository/org/glassfish/hk2/hk2-locator/2.5.0-b32/hk2-locator-2.5.0-b32.jar:/Users/pranshru/.m2/repository/org/glassfish/hk2/external/aopalliance-repackaged/2.5.0-b32/aopalliance-repackaged-2.5.0-b32.jar:/Users/pranshru/.m2/repository/javax/validation/validation-api/1.1.0.Final/validation-api-1.1.0.Final.jar:/Users/pranshru/.m2/repository/org/reflections/reflections/0.9.10/reflections-0.9.10.jar:/Users/pranshru/.m2/repository/org/javassist/javassist/3.19.0-GA/javassist-3.19.0-GA.jar:/Users/pranshru/.m2/repository/javax/servlet/javax.servlet-api/3.1.0/javax.servlet-api-3.1.0.jar:/Users/pranshru/.m2/repository/javax/inject/javax.inject/1/javax.inject-1.jar:/Users/pranshru/.m2/repository/org/slf4j/slf4j-api/1.7.25/slf4j-api-1.7.25.jar:/Users/pranshru/.m2/repository/ch/qos/logback/logback-classic/1.2.3/logback-classic-1.2.3.jar:/Users/pranshru/.m2/repository/org/glassfish/hk2/hk2-api/2.5.0-b32/hk2-api-2.5.0-b32.jar:/Users/pranshru/.m2/repository/org/glassfish/hk2/hk2-utils/2.5.0-b32/hk2-utils-2.5.0-b32.jar:/Users/pranshru/.m2/repository/javax/ws/rs/javax.ws.rs-api/2.0.1/javax.ws.rs-api-2.0.1.jar:/Users/pranshru/.m2/repository/com/google/guava/guava/24.0-jre/guava-24.0-jre.jar:/Users/pranshru/.m2/repository/org/checkerframework/checker-compat-qual/2.0.0/checker-compat-qual-2.0.0.jar:/Users/pranshru/.m2/repository/com/google/errorprone/error_prone_annotations/2.1.3/error_prone_annotations-2.1.3.jar:/Users/pranshru/.m2/repository/com/google/j2objc/j2objc-annotations/1.1/j2objc-annotations-1.1.jar:/Users/pranshru/.m2/repository/org/codehaus/mojo/animal-sniffer-annotations/1.14/animal-sniffer-annotations-1.14.jar:/Users/pranshru/.m2/repository/junit/junit/4.12/junit-4.12.jar:/Users/pranshru/.m2/repository/org/hamcrest/hamcrest-core/1.3/hamcrest-core-1.3.jar:/Users/pranshru/.m2/repository/org/bouncycastle/bcpkix-jdk15on/1.58/bcpkix-jdk15on-1.58.jar:/Users/pranshru/.m2/repository/org/bouncycastle/bcprov-jdk15on/1.58/bcprov-jdk15on-1.58.jar:/Users/pranshru/.m2/repository/com/google/inject/guice/4.1.0/guice-4.1.0.jar:/Users/pranshru/.m2/repository/aopalliance/aopalliance/1.0/aopalliance-1.0.jar:"/>
    <property name="java.vm.vendor" value="Oracle Corporation"/>
    <property name="sun.arch.data.model" value="64"/>
    <property name="java.vendor.url" value="http://java.oracle.com/"/>
    <property name="user.timezone" value=""/>
    <property name="java.vm.specification.version" value="1.8"/>
    <property name="os.name" value="Mac OS X"/>
    <property name="user.country" value="US"/>
    <property name="sun.java.launcher" value="SUN_STANDARD"/>
    <property name="sun.boot.library.path" value="/Library/Java/JavaVirtualMachines/jdk1.8.0_101.jdk/Contents/Home/jre/lib"/>
    <property name="sun.java.command" value="/Users/pranshru/Documents/workspace/CryptoService/target/surefire/surefirebooter3652114398525250368.jar /Users/pranshru/Documents/workspace/CryptoService/target/surefire 2018-09-23T09-26-45_665-jvmRun1 surefire7990897833215927182tmp surefire_06915510213771511337tmp"/>
    <property name="http.nonProxyHosts" value="local|*.local|169.254/16|*.169.254/16"/>
    <property name="surefire.test.class.path" value="/Users/pranshru/Documents/workspace/CryptoService/target/test-classes:/Users/pranshru/Documents/workspace/CryptoService/target/classes:/Users/pranshru/.m2/repository/io/dropwizard/dropwizard-core/1.0.0/dropwizard-core-1.0.0.jar:/Users/pranshru/.m2/repository/io/dropwizard/dropwizard-util/1.0.0/dropwizard-util-1.0.0.jar:/Users/pranshru/.m2/repository/com/fasterxml/jackson/core/jackson-annotations/2.7.6/jackson-annotations-2.7.6.jar:/Users/pranshru/.m2/repository/com/google/code/findbugs/jsr305/3.0.1/jsr305-3.0.1.jar:/Users/pranshru/.m2/repository/joda-time/joda-time/2.9.4/joda-time-2.9.4.jar:/Users/pranshru/.m2/repository/io/dropwizard/dropwizard-jackson/1.0.0/dropwizard-jackson-1.0.0.jar:/Users/pranshru/.m2/repository/com/fasterxml/jackson/core/jackson-core/2.7.6/jackson-core-2.7.6.jar:/Users/pranshru/.m2/repository/com/fasterxml/jackson/core/jackson-databind/2.7.6/jackson-databind-2.7.6.jar:/Users/pranshru/.m2/repository/com/fasterxml/jackson/datatype/jackson-datatype-guava/2.7.6/jackson-datatype-guava-2.7.6.jar:/Users/pranshru/.m2/repository/com/fasterxml/jackson/datatype/jackson-datatype-jsr310/2.7.6/jackson-datatype-jsr310-2.7.6.jar:/Users/pranshru/.m2/repository/com/fasterxml/jackson/datatype/jackson-datatype-jdk8/2.7.6/jackson-datatype-jdk8-2.7.6.jar:/Users/pranshru/.m2/repository/com/fasterxml/jackson/module/jackson-module-afterburner/2.7.6/jackson-module-afterburner-2.7.6.jar:/Users/pranshru/.m2/repository/com/fasterxml/jackson/datatype/jackson-datatype-joda/2.7.6/jackson-datatype-joda-2.7.6.jar:/Users/pranshru/.m2/repository/io/dropwizard/dropwizard-validation/1.0.0/dropwizard-validation-1.0.0.jar:/Users/pranshru/.m2/repository/org/hibernate/hibernate-validator/5.2.4.Final/hibernate-validator-5.2.4.Final.jar:/Users/pranshru/.m2/repository/org/jboss/logging/jboss-logging/3.2.1.Final/jboss-logging-3.2.1.Final.jar:/Users/pranshru/.m2/repository/com/fasterxml/classmate/1.1.0/classmate-1.1.0.jar:/Users/pranshru/.m2/repository/org/glassfish/javax.el/3.0.0/javax.el-3.0.0.jar:/Users/pranshru/.m2/repository/io/dropwizard/dropwizard-configuration/1.0.0/dropwizard-configuration-1.0.0.jar:/Users/pranshru/.m2/repository/com/fasterxml/jackson/dataformat/jackson-dataformat-yaml/2.7.6/jackson-dataformat-yaml-2.7.6.jar:/Users/pranshru/.m2/repository/org/yaml/snakeyaml/1.15/snakeyaml-1.15.jar:/Users/pranshru/.m2/repository/org/apache/commons/commons-lang3/3.4/commons-lang3-3.4.jar:/Users/pranshru/.m2/repository/io/dropwizard/dropwizard-logging/1.0.0/dropwizard-logging-1.0.0.jar:/Users/pranshru/.m2/repository/io/dropwizard/metrics/metrics-logback/3.1.2/metrics-logback-3.1.2.jar:/Users/pranshru/.m2/repository/org/slf4j/jul-to-slf4j/1.7.21/jul-to-slf4j-1.7.21.jar:/Users/pranshru/.m2/repository/ch/qos/logback/logback-core/1.1.7/logback-core-1.1.7.jar:/Users/pranshru/.m2/repository/org/slf4j/log4j-over-slf4j/1.7.21/log4j-over-slf4j-1.7.21.jar:/Users/pranshru/.m2/repository/org/slf4j/jcl-over-slf4j/1.7.21/jcl-over-slf4j-1.7.21.jar:/Users/pranshru/.m2/repository/org/eclipse/jetty/jetty-util/9.3.9.v20160517/jetty-util-9.3.9.v20160517.jar:/Users/pranshru/.m2/repository/io/dropwizard/dropwizard-metrics/1.0.0/dropwizard-metrics-1.0.0.jar:/Users/pranshru/.m2/repository/io/dropwizard/dropwizard-jersey/1.0.0/dropwizard-jersey-1.0.0.jar:/Users/pranshru/.m2/repository/org/glassfish/jersey/ext/jersey-metainf-services/2.23.1/jersey-metainf-services-2.23.1.jar:/Users/pranshru/.m2/repository/org/glassfish/jersey/ext/jersey-bean-validation/2.23.1/jersey-bean-validation-2.23.1.jar:/Users/pranshru/.m2/repository/org/glassfish/hk2/external/javax.inject/2.4.0-b34/javax.inject-2.4.0-b34.jar:/Users/pranshru/.m2/repository/io/dropwizard/metrics/metrics-jersey2/3.1.2/metrics-jersey2-3.1.2.jar:/Users/pranshru/.m2/repository/com/fasterxml/jackson/jaxrs/jackson-jaxrs-json-provider/2.7.6/jackson-jaxrs-json-provider-2.7.6.jar:/Users/pranshru/.m2/repository/com/fasterxml/jackson/jaxrs/jackson-jaxrs-base/2.7.6/jackson-jaxrs-base-2.7.6.jar:/Users/pranshru/.m2/repository/com/fasterxml/jackson/module/jackson-module-jaxb-annotations/2.7.6/jackson-module-jaxb-annotations-2.7.6.jar:/Users/pranshru/.m2/repository/org/glassfish/jersey/containers/jersey-container-servlet/2.23.1/jersey-container-servlet-2.23.1.jar:/Users/pranshru/.m2/repository/org/eclipse/jetty/jetty-server/9.3.9.v20160517/jetty-server-9.3.9.v20160517.jar:/Users/pranshru/.m2/repository/org/eclipse/jetty/jetty-io/9.3.9.v20160517/jetty-io-9.3.9.v20160517.jar:/Users/pranshru/.m2/repository/org/eclipse/jetty/jetty-webapp/9.3.9.v20160517/jetty-webapp-9.3.9.v20160517.jar:/Users/pranshru/.m2/repository/org/eclipse/jetty/jetty-xml/9.3.9.v20160517/jetty-xml-9.3.9.v20160517.jar:/Users/pranshru/.m2/repository/org/eclipse/jetty/jetty-continuation/9.3.9.v20160517/jetty-continuation-9.3.9.v20160517.jar:/Users/pranshru/.m2/repository/io/dropwizard/dropwizard-servlets/1.0.0/dropwizard-servlets-1.0.0.jar:/Users/pranshru/.m2/repository/io/dropwizard/metrics/metrics-annotation/3.1.2/metrics-annotation-3.1.2.jar:/Users/pranshru/.m2/repository/io/dropwizard/dropwizard-jetty/1.0.0/dropwizard-jetty-1.0.0.jar:/Users/pranshru/.m2/repository/io/dropwizard/metrics/metrics-jetty9/3.1.2/metrics-jetty9-3.1.2.jar:/Users/pranshru/.m2/repository/org/eclipse/jetty/jetty-servlet/9.3.9.v20160517/jetty-servlet-9.3.9.v20160517.jar:/Users/pranshru/.m2/repository/org/eclipse/jetty/jetty-security/9.3.9.v20160517/jetty-security-9.3.9.v20160517.jar:/Users/pranshru/.m2/repository/org/eclipse/jetty/jetty-servlets/9.3.9.v20160517/jetty-servlets-9.3.9.v20160517.jar:/Users/pranshru/.m2/repository/org/eclipse/jetty/jetty-http/9.3.9.v20160517/jetty-http-9.3.9.v20160517.jar:/Users/pranshru/.m2/repository/io/dropwizard/dropwizard-lifecycle/1.0.0/dropwizard-lifecycle-1.0.0.jar:/Users/pranshru/.m2/repository/io/dropwizard/metrics/metrics-core/3.1.2/metrics-core-3.1.2.jar:/Users/pranshru/.m2/repository/io/dropwizard/metrics/metrics-jvm/3.1.2/metrics-jvm-3.1.2.jar:/Users/pranshru/.m2/repository/io/dropwizard/metrics/metrics-servlets/3.1.2/metrics-servlets-3.1.2.jar:/Users/pranshru/.m2/repository/io/dropwizard/metrics/metrics-json/3.1.2/metrics-json-3.1.2.jar:/Users/pranshru/.m2/repository/io/dropwizard/metrics/metrics-healthchecks/3.1.2/metrics-healthchecks-3.1.2.jar:/Users/pranshru/.m2/repository/io/dropwizard/dropwizard-request-logging/1.0.0/dropwizard-request-logging-1.0.0.jar:/Users/pranshru/.m2/repository/ch/qos/logback/logback-access/1.1.7/logback-access-1.1.7.jar:/Users/pranshru/.m2/repository/net/sourceforge/argparse4j/argparse4j/0.7.0/argparse4j-0.7.0.jar:/Users/pranshru/.m2/repository/org/eclipse/jetty/toolchain/setuid/jetty-setuid-java/1.0.3/jetty-setuid-java-1.0.3.jar:/Users/pranshru/.m2/repository/com/hubspot/dropwizard/dropwizard-guice/1.3.5.0/dropwizard-guice-1.3.5.0.jar:/Users/pranshru/.m2/repository/com/squarespace/jersey2-guice/jersey2-guice-impl/1.0.6/jersey2-guice-impl-1.0.6.jar:/Users/pranshru/.m2/repository/com/google/inject/extensions/guice-multibindings/4.0/guice-multibindings-4.0.jar:/Users/pranshru/.m2/repository/org/glassfish/jersey/containers/jersey-container-servlet-core/2.22.2/jersey-container-servlet-core-2.22.2.jar:/Users/pranshru/.m2/repository/com/squarespace/jersey2-guice/0-jersey2-guice-spi/1.0.6/0-jersey2-guice-spi-1.0.6.jar:/Users/pranshru/.m2/repository/com/google/code/findbugs/annotations/3.0.1/annotations-3.0.1.jar:/Users/pranshru/.m2/repository/com/google/inject/extensions/guice-servlet/4.1.0/guice-servlet-4.1.0.jar:/Users/pranshru/.m2/repository/org/glassfish/jersey/core/jersey-server/2.25.1/jersey-server-2.25.1.jar:/Users/pranshru/.m2/repository/org/glassfish/jersey/core/jersey-common/2.25.1/jersey-common-2.25.1.jar:/Users/pranshru/.m2/repository/org/glassfish/jersey/bundles/repackaged/jersey-guava/2.25.1/jersey-guava-2.25.1.jar:/Users/pranshru/.m2/repository/org/glassfish/hk2/osgi-resource-locator/1.0.1/osgi-resource-locator-1.0.1.jar:/Users/pranshru/.m2/repository/org/glassfish/jersey/core/jersey-client/2.25.1/jersey-client-2.25.1.jar:/Users/pranshru/.m2/repository/org/glassfish/jersey/media/jersey-media-jaxb/2.25.1/jersey-media-jaxb-2.25.1.jar:/Users/pranshru/.m2/repository/javax/annotation/javax.annotation-api/1.2/javax.annotation-api-1.2.jar:/Users/pranshru/.m2/repository/org/glassfish/hk2/hk2-locator/2.5.0-b32/hk2-locator-2.5.0-b32.jar:/Users/pranshru/.m2/repository/org/glassfish/hk2/external/aopalliance-repackaged/2.5.0-b32/aopalliance-repackaged-2.5.0-b32.jar:/Users/pranshru/.m2/repository/javax/validation/validation-api/1.1.0.Final/validation-api-1.1.0.Final.jar:/Users/pranshru/.m2/repository/org/reflections/reflections/0.9.10/reflections-0.9.10.jar:/Users/pranshru/.m2/repository/org/javassist/javassist/3.19.0-GA/javassist-3.19.0-GA.jar:/Users/pranshru/.m2/repository/javax/servlet/javax.servlet-api/3.1.0/javax.servlet-api-3.1.0.jar:/Users/pranshru/.m2/repository/javax/inject/javax.inject/1/javax.inject-1.jar:/Users/pranshru/.m2/repository/org/slf4j/slf4j-api/1.7.25/slf4j-api-1.7.25.jar:/Users/pranshru/.m2/repository/ch/qos/logback/logback-classic/1.2.3/logback-classic-1.2.3.jar:/Users/pranshru/.m2/repository/org/glassfish/hk2/hk2-api/2.5.0-b32/hk2-api-2.5.0-b32.jar:/Users/pranshru/.m2/repository/org/glassfish/hk2/hk2-utils/2.5.0-b32/hk2-utils-2.5.0-b32.jar:/Users/pranshru/.m2/repository/javax/ws/rs/javax.ws.rs-api/2.0.1/javax.ws.rs-api-2.0.1.jar:/Users/pranshru/.m2/repository/com/google/guava/guava/24.0-jre/guava-24.0-jre.jar:/Users/pranshru/.m2/repository/org/checkerframework/checker-compat-qual/2.0.0/checker-compat-qual-2.0.0.jar:/Users/pranshru/.m2/repository/com/google/errorprone/error_prone_annotations/2.1.3/error_prone_annotations-2.1.3.jar:/Users/pranshru/.m2/repository/com/google/j2objc/j2objc-annotations/1.1/j2objc-annotations-1.1.jar:/Users/pranshru/.m2/repository/org/codehaus/mojo/animal-sniffer-annotations/1.14/animal-sniffer-annotations-1.14.jar:/Users/pranshru/.m2/repository/junit/junit/4.12/junit-4.12.jar:/Users/pranshru/.m2/repository/org/hamcrest/hamcrest-core/1.3/hamcrest-core-1.3.jar:/Users/pranshru/.m2/repository/org/bouncycastle/bcpkix-jdk15on/1.58/bcpkix-jdk15on-1.58.jar:/Users/pranshru/.m2/repository/org/bouncycastle/bcprov-jdk15on/1.58/bcprov-jdk15on-1.58.jar:/Users/pranshru/.m2/repository/com/google/inject/guice/4.1.0/guice-4.1.0.jar:/Users/pranshru/.m2/repository/aopalliance/aopalliance/1.0/aopalliance-1.0.jar:"/>
    <property name="sun.cpu.endian" value="little"/>
    <property name="user.home" value="/Users/pranshru"/>
    <property name="user.language" value="en"/>
    <property name="java.specification.vendor" value="Oracle Corporation"/>
    <property name="java.home" value="/Library/Java/JavaVirtualMachines/jdk1.8.0_101.jdk/Contents/Home/jre"/>
    <property name="basedir" value="/Users/pranshru/Documents/workspace/CryptoService"/>
    <property name="file.separator" value="/"/>
    <property name="line.separator" value="&#10;"/>
    <property name="java.vm.specification.vendor" value="Oracle Corporation"/>
    <property name="java.specification.name" value="Java Platform API Specification"/>
    <property name="java.awt.graphicsenv" value="sun.awt.CGraphicsEnvironment"/>
    <property name="surefire.real.class.path" value="/Users/pranshru/Documents/workspace/CryptoService/target/surefire/surefirebooter3652114398525250368.jar"/>
    <property name="sun.boot.class.path" value="/Library/Java/JavaVirtualMachines/jdk1.8.0_101.jdk/Contents/Home/jre/lib/resources.jar:/Library/Java/JavaVirtualMachines/jdk1.8.0_101.jdk/Contents/Home/jre/lib/rt.jar:/Library/Java/JavaVirtualMachines/jdk1.8.0_101.jdk/Contents/Home/jre/lib/sunrsasign.jar:/Library/Java/JavaVirtualMachines/jdk1.8.0_101.jdk/Contents/Home/jre/lib/jsse.jar:/Library/Java/JavaVirtualMachines/jdk1.8.0_101.jdk/Contents/Home/jre/lib/jce.jar:/Library/Java/JavaVirtualMachines/jdk1.8.0_101.jdk/Contents/Home/jre/lib/charsets.jar:/Library/Java/JavaVirtualMachines/jdk1.8.0_101.jdk/Contents/Home/jre/lib/jfr.jar:/Library/Java/JavaVirtualMachines/jdk1.8.0_101.jdk/Contents/Home/jre/classes"/>
    <property name="sun.management.compiler" value="HotSpot 64-Bit Tiered Compilers"/>
    <property name="ftp.nonProxyHosts" value="local|*.local|169.254/16|*.169.254/16"/>
    <property name="java.runtime.version" value="1.8.0_101-b13"/>
    <property name="user.name" value="pranshru"/>
    <property name="path.separator" value=":"/>
    <property name="os.version" value="10.10.3"/>
    <property name="java.endorsed.dirs" value="/Library/Java/JavaVirtualMachines/jdk1.8.0_101.jdk/Contents/Home/jre/lib/endorsed"/>
    <property name="java.runtime.name" value="Java(TM) SE Runtime Environment"/>
    <property name="file.encoding" value="UTF-8"/>
    <property name="java.vm.name" value="Java HotSpot(TM) 64-Bit Server VM"/>
    <property name="localRepository" value="/Users/pranshru/.m2/repository"/>
    <property name="java.vendor.url.bug" value="http://bugreport.sun.com/bugreport/"/>
    <property name="java.io.tmpdir" value="/var/folders/tb/3425dsjs6719rqn8ftbgy6gc0000gn/T/"/>
    <property name="java.version" value="1.8.0_101"/>
    <property name="user.dir" value="/Users/pranshru/Documents/workspace/CryptoService"/>
    <property name="os.arch" value="x86_64"/>
    <property name="java.vm.specification.name" value="Java Virtual Machine Specification"/>
    <property name="java.awt.printerjob" value="sun.lwawt.macosx.CPrinterJob"/>
    <property name="sun.os.patch.level" value="unknown"/>
    <property name="java.library.path" value="/Users/pranshru/Library/Java/Extensions:/Library/Java/Extensions:/Network/Library/Java/Extensions:/System/Library/Java/Extensions:/usr/lib/java:."/>
    <property name="java.vm.info" value="mixed mode"/>
    <property name="java.vendor" value="Oracle Corporation"/>
    <property name="java.vm.version" value="25.101-b13"/>
    <property name="java.ext.dirs" value="/Users/pranshru/Library/Java/Extensions:/Library/Java/JavaVirtualMachines/jdk1.8.0_101.jdk/Contents/Home/jre/lib/ext:/Library/Java/Extensions:/Network/Library/Java/Extensions:/System/Library/Java/Extensions:/usr/lib/java"/>
    <property name="sun.io.unicode.encoding" value="UnicodeBig"/>
    <property name="java.class.version" value="52.0"/>
    <property name="socksNonProxyHosts" value="local|*.local|169.254/16|*.169.254/16"/>
  </properties>
  <testcase name="getAverageAndStandardDeviationTest" classname="com.compute.service.ComputeServiceImplTest" time="0.021"/>
  <testcase name="getAverageAndStandardDeviationParallelTest" classname="com.compute.service.ComputeServiceImplTest" time="0.003"/>
  <testcase name="getAverageAndStandardDeviationForNegativesTest" classname="com.compute.service.ComputeServiceImplTest" time="0"/>
  <testcase name="getAverageAndStandardDeviationForDecimalsTest" classname="com.compute.service.ComputeServiceImplTest" time="0.001"/>
</testsuite>